# JRE version: Java(TM) SE Runtime Environment (8.0_31-b13) (build 1.8.0_31-b13)
# Java VM: Java HotSpot(TM) 64-Bit Server VM (25.31-b07 mixed mode windows-amd64 compressed oops)
Heap:
 PSYoungGen      total 654848K, used 621899K [0x00000000d6e00000, 0x0000000100000000, 0x0000000100000000)
  eden space 635904K, 97% used [0x00000000d6e00000,0x00000000fcd52c98,0x00000000fdb00000)
  from space 18944K, 0% used [0x00000000fed80000,0x00000000fed80000,0x0000000100000000)
  to   space 18944K, 0% used [0x00000000fdb00000,0x00000000fdb00000,0x00000000fed80000)
 ParOldGen       total 179200K, used 119995K [0x0000000084a00000, 0x000000008f900000, 0x00000000d6e00000)
  object space 179200K, 66% used [0x0000000084a00000,0x000000008bf2efd0,0x000000008f900000)
 Metaspace       used 71812K, capacity 76312K, committed 76544K, reserved 1116160K
  class space    used 8202K, capacity 9154K, committed 9216K, reserved 1048576K
GC Heap History (10 events):
Event: 1283.735 GC heap before
{Heap before GC invocations=56 (full 18):
 PSYoungGen      total 654848K, used 635904K [0x00000000d6e00000, 0x0000000100000000, 0x0000000100000000)
  eden space 635904K, 100% used [0x00000000d6e00000,0x00000000fdb00000,0x00000000fdb00000)
  from space 18944K, 0% used [0x00000000fdb00000,0x00000000fdb00000,0x00000000fed80000)
  to   space 18944K, 0% used [0x00000000fed80000,0x00000000fed80000,0x0000000100000000)
 ParOldGen       total 179200K, used 109558K [0x0000000084a00000, 0x000000008f900000, 0x00000000d6e00000)
  object space 179200K, 61% used [0x0000000084a00000,0x000000008b4fdb30,0x000000008f900000)
 Metaspace       used 70030K, capacity 74322K, committed 74496K, reserved 1114112K
  class space    used 8079K, capacity 8917K, committed 8960K, reserved 1048576K
Event: 1283.780 GC heap after
Heap after GC invocations=56 (full 18):
 PSYoungGen      total 653824K, used 13260K [0x00000000d6e00000, 0x0000000100000000, 0x0000000100000000)
  eden space 634880K, 0% used [0x00000000d6e00000,0x00000000d6e00000,0x00000000fda00000)
  from space 18944K, 69% used [0x00000000fed80000,0x00000000ffa730d0,0x0000000100000000)
  to   space 19456K, 0% used [0x00000000fda00000,0x00000000fda00000,0x00000000fed00000)
 ParOldGen       total 179200K, used 109566K [0x0000000084a00000, 0x000000008f900000, 0x00000000d6e00000)
  object space 179200K, 61% used [0x0000000084a00000,0x000000008b4ffb30,0x000000008f900000)
 Metaspace       used 70030K, capacity 74322K, committed 74496K, reserved 1114112K
  class space    used 8079K, capacity 8917K, committed 8960K, reserved 1048576K
}
Event: 1330.031 GC heap before
{Heap before GC invocations=57 (full 18):
 PSYoungGen      total 653824K, used 50488K [0x00000000d6e00000, 0x0000000100000000, 0x0000000100000000)
  eden space 634880K, 5% used [0x00000000d6e00000,0x00000000d925b220,0x00000000fda00000)
  from space 18944K, 69% used [0x00000000fed80000,0x00000000ffa730d0,0x0000000100000000)
  to   space 19456K, 0% used [0x00000000fda00000,0x00000000fda00000,0x00000000fed00000)
 ParOldGen       total 179200K, used 109566K [0x0000000084a00000, 0x000000008f900000, 0x00000000d6e00000)
  object space 179200K, 61% used [0x0000000084a00000,0x000000008b4ffb30,0x000000008f900000)
 Metaspace       used 70216K, capacity 74588K, committed 74752K, reserved 1116160K
  class space    used 8092K, capacity 8958K, committed 8960K, reserved 1048576K
Event: 1330.041 GC heap after
Heap after GC invocations=57 (full 18):
 PSYoungGen      total 654336K, used 6331K [0x00000000d6e00000, 0x0000000100000000, 0x0000000100000000)
  eden space 634880K, 0% used [0x00000000d6e00000,0x00000000d6e00000,0x00000000fda00000)
  from space 19456K, 32% used [0x00000000fda00000,0x00000000fe02edd8,0x00000000fed00000)
  to   space 18944K, 0% used [0x00000000fed80000,0x00000000fed80000,0x0000000100000000)
 ParOldGen       total 179200K, used 109574K [0x0000000084a00000, 0x000000008f900000, 0x00000000d6e00000)
  object space 179200K, 61% used [0x0000000084a00000,0x000000008b501b30,0x000000008f900000)
 Metaspace       used 70216K, capacity 74588K, committed 74752K, reserved 1116160K
  class space    used 8092K, capacity 8958K, committed 8960K, reserved 1048576K
}
Event: 1330.042 GC heap before
{Heap before GC invocations=58 (full 19):
 PSYoungGen      total 654336K, used 6331K [0x00000000d6e00000, 0x0000000100000000, 0x0000000100000000)
  eden space 634880K, 0% used [0x00000000d6e00000,0x00000000d6e00000,0x00000000fda00000)
  from space 19456K, 32% used [0x00000000fda00000,0x00000000fe02edd8,0x00000000fed00000)
  to   space 18944K, 0% used [0x00000000fed80000,0x00000000fed80000,0x0000000100000000)
 ParOldGen       total 179200K, used 109574K [0x0000000084a00000, 0x000000008f900000, 0x00000000d6e00000)
  object space 179200K, 61% used [0x0000000084a00000,0x000000008b501b30,0x000000008f900000)
 Metaspace       used 70216K, capacity 74588K, committed 74752K, reserved 1116160K
  class space    used 8092K, capacity 8958K, committed 8960K, reserved 1048576K
Event: 1331.645 GC heap after
Heap after GC invocations=58 (full 19):
 PSYoungGen      total 654336K, used 0K [0x00000000d6e00000, 0x0000000100000000, 0x0000000100000000)
  eden space 634880K, 0% used [0x00000000d6e00000,0x00000000d6e00000,0x00000000fda00000)
  from space 19456K, 0% used [0x00000000fda00000,0x00000000fda00000,0x00000000fed00000)
  to   space 18944K, 0% used [0x00000000fed80000,0x00000000fed80000,0x0000000100000000)
 ParOldGen       total 179200K, used 109363K [0x0000000084a00000, 0x000000008f900000, 0x00000000d6e00000)
  object space 179200K, 61% used [0x0000000084a00000,0x000000008b4ccda8,0x000000008f900000)
 Metaspace       used 70216K, capacity 74588K, committed 74752K, reserved 1116160K
  class space    used 8092K, capacity 8958K, committed 8960K, reserved 1048576K
}
Event: 1355.091 GC heap before
{Heap before GC invocations=59 (full 19):
 PSYoungGen      total 654336K, used 626102K [0x00000000d6e00000, 0x0000000100000000, 0x0000000100000000)
  eden space 634880K, 98% used [0x00000000d6e00000,0x00000000fd16da70,0x00000000fda00000)
  from space 19456K, 0% used [0x00000000fda00000,0x00000000fda00000,0x00000000fed00000)
  to   space 18944K, 0% used [0x00000000fed80000,0x00000000fed80000,0x0000000100000000)
 ParOldGen       total 179200K, used 109363K [0x0000000084a00000, 0x000000008f900000, 0x00000000d6e00000)
  object space 179200K, 61% used [0x0000000084a00000,0x000000008b4ccda8,0x000000008f900000)
 Metaspace       used 71219K, capacity 75632K, committed 75776K, reserved 1116160K
  class space    used 8160K, capacity 9106K, committed 9216K, reserved 1048576K
Event: 1355.115 GC heap after
Heap after GC invocations=59 (full 19):
 PSYoungGen      total 654848K, used 11606K [0x00000000d6e00000, 0x0000000100000000, 0x0000000100000000)
  eden space 635904K, 0% used [0x00000000d6e00000,0x00000000d6e00000,0x00000000fdb00000)
  from space 18944K, 61% used [0x00000000fed80000,0x00000000ff8d5910,0x0000000100000000)
  to   space 18944K, 0% used [0x00000000fdb00000,0x00000000fdb00000,0x00000000fed80000)
 ParOldGen       total 179200K, used 109363K [0x0000000084a00000, 0x000000008f900000, 0x00000000d6e00000)
  object space 179200K, 61% used [0x0000000084a00000,0x000000008b4ccda8,0x000000008f900000)
 Metaspace       used 71219K, capacity 75632K, committed 75776K, reserved 1116160K
  class space    used 8160K, capacity 9106K, committed 9216K, reserved 1048576K
}
Event: 1355.115 GC heap before
{Heap before GC invocations=60 (full 20):
 PSYoungGen      total 654848K, used 11606K [0x00000000d6e00000, 0x0000000100000000, 0x0000000100000000)
  eden space 635904K, 0% used [0x00000000d6e00000,0x00000000d6e00000,0x00000000fdb00000)
  from space 18944K, 61% used [0x00000000fed80000,0x00000000ff8d5910,0x0000000100000000)
  to   space 18944K, 0% used [0x00000000fdb00000,0x00000000fdb00000,0x00000000fed80000)
 ParOldGen       total 179200K, used 109363K [0x0000000084a00000, 0x000000008f900000, 0x00000000d6e00000)
  object space 179200K, 61% used [0x0000000084a00000,0x000000008b4ccda8,0x000000008f900000)
 Metaspace       used 71219K, capacity 75632K, committed 75776K, reserved 1116160K
  class space    used 8160K, capacity 9106K, committed 9216K, reserved 1048576K
Event: 1355.581 GC heap after
Heap after GC invocations=60 (full 20):
 PSYoungGen      total 654848K, used 0K [0x00000000d6e00000, 0x0000000100000000, 0x0000000100000000)
  eden space 635904K, 0% used [0x00000000d6e00000,0x00000000d6e00000,0x00000000fdb00000)
  from space 18944K, 0% used [0x00000000fed80000,0x00000000fed80000,0x0000000100000000)
  to   space 18944K, 0% used [0x00000000fdb00000,0x00000000fdb00000,0x00000000fed80000)
 ParOldGen       total 179200K, used 119995K [0x0000000084a00000, 0x000000008f900000, 0x00000000d6e00000)
  object space 179200K, 66% used [0x0000000084a00000,0x000000008bf2efd0,0x000000008f900000)
 Metaspace       used 71219K, capacity 75632K, committed 75776K, reserved 1116160K
  class space    used 8160K, capacity 9106K, committed 9216K, reserved 1048576K
}

