# JRE version: Java(TM) SE Runtime Environment (8.0_31-b13) (build 1.8.0_31-b13)
# Java VM: Java HotSpot(TM) 64-Bit Server VM (25.31-b07 mixed mode windows-amd64 compressed oops)
Heap:
 PSYoungGen      total 653312K, used 5348K [0x00000000d6e00000, 0x00000000fff80000, 0x0000000100000000)
  eden space 633344K, 0% used [0x00000000d6e00000,0x00000000d6e00000,0x00000000fd880000)
  from space 19968K, 26% used [0x00000000fec00000,0x00000000ff139280,0x00000000fff80000)
  to   space 19968K, 0% used [0x00000000fd880000,0x00000000fd880000,0x00000000fec00000)
 ParOldGen       total 69632K, used 51384K [0x0000000084a00000, 0x0000000088e00000, 0x00000000d6e00000)
  object space 69632K, 73% used [0x0000000084a00000,0x0000000087c2e078,0x0000000088e00000)
 Metaspace       used 59664K, capacity 61076K, committed 61232K, reserved 1103872K
  class space    used 7107K, capacity 7403K, committed 7472K, reserved 1048576K
GC Heap History (10 events):
Event: 301.661 GC heap after
Heap after GC invocations=24 (full 5):
 PSYoungGen      total 646656K, used 12553K [0x00000000d6e00000, 0x0000000100000000, 0x0000000100000000)
  eden space 633856K, 0% used [0x00000000d6e00000,0x00000000d6e00000,0x00000000fd900000)
  from space 12800K, 98% used [0x00000000fd900000,0x00000000fe5425c0,0x00000000fe580000)
  to   space 20480K, 0% used [0x00000000fec00000,0x00000000fec00000,0x0000000100000000)
 ParOldGen       total 69632K, used 46639K [0x0000000084a00000, 0x0000000088e00000, 0x00000000d6e00000)
  object space 69632K, 66% used [0x0000000084a00000,0x000000008778bfb0,0x0000000088e00000)
 Metaspace       used 58619K, capacity 59918K, committed 60080K, reserved 1101824K
  class space    used 7047K, capacity 7299K, committed 7344K, reserved 1048576K
}
Event: 304.333 GC heap before
{Heap before GC invocations=25 (full 5):
 PSYoungGen      total 646656K, used 38574K [0x00000000d6e00000, 0x0000000100000000, 0x0000000100000000)
  eden space 633856K, 4% used [0x00000000d6e00000,0x00000000d87692e8,0x00000000fd900000)
  from space 12800K, 98% used [0x00000000fd900000,0x00000000fe5425c0,0x00000000fe580000)
  to   space 20480K, 0% used [0x00000000fec00000,0x00000000fec00000,0x0000000100000000)
 ParOldGen       total 69632K, used 46639K [0x0000000084a00000, 0x0000000088e00000, 0x00000000d6e00000)
  object space 69632K, 66% used [0x0000000084a00000,0x000000008778bfb0,0x0000000088e00000)
 Metaspace       used 58705K, capacity 60058K, committed 60336K, reserved 1101824K
  class space    used 7049K, capacity 7303K, committed 7344K, reserved 1048576K
Event: 304.353 GC heap after
Heap after GC invocations=25 (full 5):
 PSYoungGen      total 653824K, used 5339K [0x00000000d6e00000, 0x0000000100000000, 0x0000000100000000)
  eden space 633344K, 0% used [0x00000000d6e00000,0x00000000d6e00000,0x00000000fd880000)
  from space 20480K, 26% used [0x00000000fec00000,0x00000000ff136dd8,0x0000000100000000)
  to   space 19968K, 0% used [0x00000000fd880000,0x00000000fd880000,0x00000000fec00000)
 ParOldGen       total 69632K, used 46647K [0x0000000084a00000, 0x0000000088e00000, 0x00000000d6e00000)
  object space 69632K, 66% used [0x0000000084a00000,0x000000008778dfb0,0x0000000088e00000)
 Metaspace       used 58705K, capacity 60058K, committed 60336K, reserved 1101824K
  class space    used 7049K, capacity 7303K, committed 7344K, reserved 1048576K
}
Event: 304.353 GC heap before
{Heap before GC invocations=26 (full 6):
 PSYoungGen      total 653824K, used 5339K [0x00000000d6e00000, 0x0000000100000000, 0x0000000100000000)
  eden space 633344K, 0% used [0x00000000d6e00000,0x00000000d6e00000,0x00000000fd880000)
  from space 20480K, 26% used [0x00000000fec00000,0x00000000ff136dd8,0x0000000100000000)
  to   space 19968K, 0% used [0x00000000fd880000,0x00000000fd880000,0x00000000fec00000)
 ParOldGen       total 69632K, used 46647K [0x0000000084a00000, 0x0000000088e00000, 0x00000000d6e00000)
  object space 69632K, 66% used [0x0000000084a00000,0x000000008778dfb0,0x0000000088e00000)
 Metaspace       used 58705K, capacity 60058K, committed 60336K, reserved 1101824K
  class space    used 7049K, capacity 7303K, committed 7344K, reserved 1048576K
Event: 304.846 GC heap after
Heap after GC invocations=26 (full 6):
 PSYoungGen      total 653824K, used 0K [0x00000000d6e00000, 0x0000000100000000, 0x0000000100000000)
  eden space 633344K, 0% used [0x00000000d6e00000,0x00000000d6e00000,0x00000000fd880000)
  from space 20480K, 0% used [0x00000000fec00000,0x00000000fec00000,0x0000000100000000)
  to   space 19968K, 0% used [0x00000000fd880000,0x00000000fd880000,0x00000000fec00000)
 ParOldGen       total 69632K, used 51368K [0x0000000084a00000, 0x0000000088e00000, 0x00000000d6e00000)
  object space 69632K, 73% used [0x0000000084a00000,0x0000000087c2a078,0x0000000088e00000)
 Metaspace       used 58703K, capacity 60052K, committed 60336K, reserved 1101824K
  class space    used 7049K, capacity 7301K, committed 7344K, reserved 1048576K
}
Event: 319.579 GC heap before
{Heap before GC invocations=27 (full 6):
 PSYoungGen      total 653824K, used 633344K [0x00000000d6e00000, 0x0000000100000000, 0x0000000100000000)
  eden space 633344K, 100% used [0x00000000d6e00000,0x00000000fd880000,0x00000000fd880000)
  from space 20480K, 0% used [0x00000000fec00000,0x00000000fec00000,0x0000000100000000)
  to   space 19968K, 0% used [0x00000000fd880000,0x00000000fd880000,0x00000000fec00000)
 ParOldGen       total 69632K, used 51368K [0x0000000084a00000, 0x0000000088e00000, 0x00000000d6e00000)
  object space 69632K, 73% used [0x0000000084a00000,0x0000000087c2a078,0x0000000088e00000)
 Metaspace       used 59555K, capacity 61000K, committed 61232K, reserved 1103872K
  class space    used 7103K, capacity 7399K, committed 7472K, reserved 1048576K
Event: 319.607 GC heap after
Heap after GC invocations=27 (full 6):
 PSYoungGen      total 653312K, used 12456K [0x00000000d6e00000, 0x0000000100000000, 0x0000000100000000)
  eden space 633344K, 0% used [0x00000000d6e00000,0x00000000d6e00000,0x00000000fd880000)
  from space 19968K, 62% used [0x00000000fd880000,0x00000000fe4aa268,0x00000000fec00000)
  to   space 20480K, 0% used [0x00000000fec00000,0x00000000fec00000,0x0000000100000000)
 ParOldGen       total 69632K, used 51376K [0x0000000084a00000, 0x0000000088e00000, 0x00000000d6e00000)
  object space 69632K, 73% used [0x0000000084a00000,0x0000000087c2c078,0x0000000088e00000)
 Metaspace       used 59555K, capacity 61000K, committed 61232K, reserved 1103872K
  class space    used 7103K, capacity 7399K, committed 7472K, reserved 1048576K
}
Event: 321.127 GC heap before
{Heap before GC invocations=28 (full 6):
 PSYoungGen      total 653312K, used 29529K [0x00000000d6e00000, 0x0000000100000000, 0x0000000100000000)
  eden space 633344K, 2% used [0x00000000d6e00000,0x00000000d7eac570,0x00000000fd880000)
  from space 19968K, 62% used [0x00000000fd880000,0x00000000fe4aa268,0x00000000fec00000)
  to   space 20480K, 0% used [0x00000000fec00000,0x00000000fec00000,0x0000000100000000)
 ParOldGen       total 69632K, used 51376K [0x0000000084a00000, 0x0000000088e00000, 0x00000000d6e00000)
  object space 69632K, 73% used [0x0000000084a00000,0x0000000087c2c078,0x0000000088e00000)
 Metaspace       used 59664K, capacity 61076K, committed 61232K, reserved 1103872K
  class space    used 7107K, capacity 7403K, committed 7472K, reserved 1048576K
Event: 321.136 GC heap after
Heap after GC invocations=28 (full 6):
 PSYoungGen      total 653312K, used 5348K [0x00000000d6e00000, 0x00000000fff80000, 0x0000000100000000)
  eden space 633344K, 0% used [0x00000000d6e00000,0x00000000d6e00000,0x00000000fd880000)
  from space 19968K, 26% used [0x00000000fec00000,0x00000000ff139280,0x00000000fff80000)
  to   space 19968K, 0% used [0x00000000fd880000,0x00000000fd880000,0x00000000fec00000)
 ParOldGen       total 69632K, used 51384K [0x0000000084a00000, 0x0000000088e00000, 0x00000000d6e00000)
  object space 69632K, 73% used [0x0000000084a00000,0x0000000087c2e078,0x0000000088e00000)
 Metaspace       used 59664K, capacity 61076K, committed 61232K, reserved 1103872K
  class space    used 7107K, capacity 7403K, committed 7472K, reserved 1048576K
}
Event: 321.137 GC heap before
{Heap before GC invocations=29 (full 7):
 PSYoungGen      total 653312K, used 5348K [0x00000000d6e00000, 0x00000000fff80000, 0x0000000100000000)
  eden space 633344K, 0% used [0x00000000d6e00000,0x00000000d6e00000,0x00000000fd880000)
  from space 19968K, 26% used [0x00000000fec00000,0x00000000ff139280,0x00000000fff80000)
  to   space 19968K, 0% used [0x00000000fd880000,0x00000000fd880000,0x00000000fec00000)
 ParOldGen       total 69632K, used 51384K [0x0000000084a00000, 0x0000000088e00000, 0x00000000d6e00000)
  object space 69632K, 73% used [0x0000000084a00000,0x0000000087c2e078,0x0000000088e00000)
 Metaspace       used 59664K, capacity 61076K, committed 61232K, reserved 1103872K
  class space    used 7107K, capacity 7403K, committed 7472K, reserved 1048576K

