# JRE version: Java(TM) SE Runtime Environment (8.0_31-b13) (build 1.8.0_31-b13)
# Java VM: Java HotSpot(TM) 64-Bit Server VM (25.31-b07 mixed mode windows-amd64 compressed oops)
Heap:
 PSYoungGen      total 653824K, used 4083K [0x00000000d6e00000, 0x0000000100000000, 0x0000000100000000)
  eden space 634368K, 0% used [0x00000000d6e00000,0x00000000d71fcf38,0x00000000fd980000)
  from space 19456K, 0% used [0x00000000fd980000,0x00000000fd980000,0x00000000fec80000)
  to   space 19456K, 0% used [0x00000000fed00000,0x00000000fed00000,0x0000000100000000)
 ParOldGen       total 152064K, used 73726K [0x0000000084a00000, 0x000000008de80000, 0x00000000d6e00000)
  object space 152064K, 48% used [0x0000000084a00000,0x00000000891ff838,0x000000008de80000)
 Metaspace       used 61654K, capacity 63964K, committed 64176K, reserved 1105920K
  class space    used 7300K, capacity 7773K, committed 7856K, reserved 1048576K
GC Heap History (10 events):
Event: 457.372 GC heap before
{Heap before GC invocations=29 (full 7):
 PSYoungGen      total 654336K, used 5444K [0x00000000d6e00000, 0x0000000100000000, 0x0000000100000000)
  eden space 634368K, 0% used [0x00000000d6e00000,0x00000000d6e00000,0x00000000fd980000)
  from space 19968K, 27% used [0x00000000fec80000,0x00000000ff1d1280,0x0000000100000000)
  to   space 19456K, 0% used [0x00000000fd980000,0x00000000fd980000,0x00000000fec80000)
 ParOldGen       total 73728K, used 51681K [0x0000000084a00000, 0x0000000089200000, 0x00000000d6e00000)
  object space 73728K, 70% used [0x0000000084a00000,0x0000000087c786a8,0x0000000089200000)
 Metaspace       used 58591K, capacity 60040K, committed 60080K, reserved 1101824K
  class space    used 7018K, capacity 7312K, committed 7344K, reserved 1048576K
Event: 457.831 GC heap after
Heap after GC invocations=29 (full 7):
 PSYoungGen      total 654336K, used 0K [0x00000000d6e00000, 0x0000000100000000, 0x0000000100000000)
  eden space 634368K, 0% used [0x00000000d6e00000,0x00000000d6e00000,0x00000000fd980000)
  from space 19968K, 0% used [0x00000000fec80000,0x00000000fec80000,0x0000000100000000)
  to   space 19456K, 0% used [0x00000000fd980000,0x00000000fd980000,0x00000000fec80000)
 ParOldGen       total 73728K, used 56382K [0x0000000084a00000, 0x0000000089200000, 0x00000000d6e00000)
  object space 73728K, 76% used [0x0000000084a00000,0x000000008810f860,0x0000000089200000)
 Metaspace       used 58588K, capacity 60034K, committed 60080K, reserved 1101824K
  class space    used 7017K, capacity 7310K, committed 7344K, reserved 1048576K
}
Event: 475.417 GC heap before
{Heap before GC invocations=30 (full 7):
 PSYoungGen      total 654336K, used 634123K [0x00000000d6e00000, 0x0000000100000000, 0x0000000100000000)
  eden space 634368K, 99% used [0x00000000d6e00000,0x00000000fd942f48,0x00000000fd980000)
  from space 19968K, 0% used [0x00000000fec80000,0x00000000fec80000,0x0000000100000000)
  to   space 19456K, 0% used [0x00000000fd980000,0x00000000fd980000,0x00000000fec80000)
 ParOldGen       total 73728K, used 56382K [0x0000000084a00000, 0x0000000089200000, 0x00000000d6e00000)
  object space 73728K, 76% used [0x0000000084a00000,0x000000008810f860,0x0000000089200000)
 Metaspace       used 59650K, capacity 61456K, committed 61616K, reserved 1103872K
  class space    used 7116K, capacity 7489K, committed 7600K, reserved 1048576K
Event: 475.458 GC heap after
Heap after GC invocations=30 (full 7):
 PSYoungGen      total 653824K, used 11523K [0x00000000d6e00000, 0x0000000100000000, 0x0000000100000000)
  eden space 634368K, 0% used [0x00000000d6e00000,0x00000000d6e00000,0x00000000fd980000)
  from space 19456K, 59% used [0x00000000fd980000,0x00000000fe4c0ff0,0x00000000fec80000)
  to   space 19456K, 0% used [0x00000000fed00000,0x00000000fed00000,0x0000000100000000)
 ParOldGen       total 73728K, used 56390K [0x0000000084a00000, 0x0000000089200000, 0x00000000d6e00000)
  object space 73728K, 76% used [0x0000000084a00000,0x0000000088111860,0x0000000089200000)
 Metaspace       used 59650K, capacity 61456K, committed 61616K, reserved 1103872K
  class space    used 7116K, capacity 7489K, committed 7600K, reserved 1048576K
}
Event: 475.458 GC heap before
{Heap before GC invocations=31 (full 8):
 PSYoungGen      total 653824K, used 11523K [0x00000000d6e00000, 0x0000000100000000, 0x0000000100000000)
  eden space 634368K, 0% used [0x00000000d6e00000,0x00000000d6e00000,0x00000000fd980000)
  from space 19456K, 59% used [0x00000000fd980000,0x00000000fe4c0ff0,0x00000000fec80000)
  to   space 19456K, 0% used [0x00000000fed00000,0x00000000fed00000,0x0000000100000000)
 ParOldGen       total 73728K, used 56390K [0x0000000084a00000, 0x0000000089200000, 0x00000000d6e00000)
  object space 73728K, 76% used [0x0000000084a00000,0x0000000088111860,0x0000000089200000)
 Metaspace       used 59650K, capacity 61456K, committed 61616K, reserved 1103872K
  class space    used 7116K, capacity 7489K, committed 7600K, reserved 1048576K
Event: 475.939 GC heap after
Heap after GC invocations=31 (full 8):
 PSYoungGen      total 653824K, used 0K [0x00000000d6e00000, 0x0000000100000000, 0x0000000100000000)
  eden space 634368K, 0% used [0x00000000d6e00000,0x00000000d6e00000,0x00000000fd980000)
  from space 19456K, 0% used [0x00000000fd980000,0x00000000fd980000,0x00000000fec80000)
  to   space 19456K, 0% used [0x00000000fed00000,0x00000000fed00000,0x0000000100000000)
 ParOldGen       total 73728K, used 66915K [0x0000000084a00000, 0x0000000089200000, 0x00000000d6e00000)
  object space 73728K, 90% used [0x0000000084a00000,0x0000000088b58e38,0x0000000089200000)
 Metaspace       used 59647K, capacity 61450K, committed 61616K, reserved 1103872K
  class space    used 7116K, capacity 7487K, committed 7600K, reserved 1048576K
}
Event: 488.187 GC heap before
{Heap before GC invocations=32 (full 9):
 PSYoungGen      total 653824K, used 630806K [0x00000000d6e00000, 0x0000000100000000, 0x0000000100000000)
  eden space 634368K, 99% used [0x00000000d6e00000,0x00000000fd605880,0x00000000fd980000)
  from space 19456K, 0% used [0x00000000fd980000,0x00000000fd980000,0x00000000fec80000)
  to   space 19456K, 0% used [0x00000000fed00000,0x00000000fed00000,0x0000000100000000)
 ParOldGen       total 73728K, used 66915K [0x0000000084a00000, 0x0000000089200000, 0x00000000d6e00000)
  object space 73728K, 90% used [0x0000000084a00000,0x0000000088b58e38,0x0000000089200000)
 Metaspace       used 60328K, capacity 62198K, committed 62384K, reserved 1103872K
  class space    used 7166K, capacity 7575K, committed 7600K, reserved 1048576K
Event: 488.649 GC heap after
Heap after GC invocations=32 (full 9):
 PSYoungGen      total 653824K, used 0K [0x00000000d6e00000, 0x0000000100000000, 0x0000000100000000)
  eden space 634368K, 0% used [0x00000000d6e00000,0x00000000d6e00000,0x00000000fd980000)
  from space 19456K, 0% used [0x00000000fd980000,0x00000000fd980000,0x00000000fec80000)
  to   space 19456K, 0% used [0x00000000fed00000,0x00000000fed00000,0x0000000100000000)
 ParOldGen       total 73728K, used 71543K [0x0000000084a00000, 0x0000000089200000, 0x00000000d6e00000)
  object space 73728K, 97% used [0x0000000084a00000,0x0000000088fddca0,0x0000000089200000)
 Metaspace       used 60325K, capacity 62192K, committed 62384K, reserved 1103872K
  class space    used 7165K, capacity 7573K, committed 7600K, reserved 1048576K
}
Event: 500.007 GC heap before
{Heap before GC invocations=33 (full 10):
 PSYoungGen      total 653824K, used 634368K [0x00000000d6e00000, 0x0000000100000000, 0x0000000100000000)
  eden space 634368K, 100% used [0x00000000d6e00000,0x00000000fd980000,0x00000000fd980000)
  from space 19456K, 0% used [0x00000000fd980000,0x00000000fd980000,0x00000000fec80000)
  to   space 19456K, 0% used [0x00000000fed00000,0x00000000fed00000,0x0000000100000000)
 ParOldGen       total 73728K, used 71543K [0x0000000084a00000, 0x0000000089200000, 0x00000000d6e00000)
  object space 73728K, 97% used [0x0000000084a00000,0x0000000088fddca0,0x0000000089200000)
 Metaspace       used 61653K, capacity 63964K, committed 64176K, reserved 1105920K
  class space    used 7300K, capacity 7773K, committed 7856K, reserved 1048576K
Event: 500.757 GC heap after
Heap after GC invocations=33 (full 10):
 PSYoungGen      total 653824K, used 2759K [0x00000000d6e00000, 0x0000000100000000, 0x0000000100000000)
  eden space 634368K, 0% used [0x00000000d6e00000,0x00000000d70b1de8,0x00000000fd980000)
  from space 19456K, 0% used [0x00000000fd980000,0x00000000fd980000,0x00000000fec80000)
  to   space 19456K, 0% used [0x00000000fed00000,0x00000000fed00000,0x0000000100000000)
 ParOldGen       total 152064K, used 73726K [0x0000000084a00000, 0x000000008de80000, 0x00000000d6e00000)
  object space 152064K, 48% used [0x0000000084a00000,0x00000000891ff838,0x000000008de80000)
 Metaspace       used 61653K, capacity 63964K, committed 64176K, reserved 1105920K
  class space    used 7300K, capacity 7773K, committed 7856K, reserved 1048576K
}

